Add the coverage report to your github repository as a version controlled file

A nice sample of our coverag report is included in the submission document - it is a picture.

Make sure to commit the revised report after every further change to either the code or the test cases.

Below is a sample coverage run with istanbul from the shell:

=============================================================================
Writing coverage object [/home/stan/Documents/ASE/tradeWizard/testing/coverage/coverage.json]
Writing coverage reports at [/home/stan/Documents/ASE/tradeWizard/testing/coverage]
=============================================================================
/home/stan/Documents/ASE/tradeWizard/testing/login_test.js:9
__cov_VUmfGSuyYXJqk$wrzTuDRg.s['1']++;Feature('Unit Test Cases');__cov_VUmfGSuyYXJqk$wrzTuDRg.s['2']++;Scenario('Arrive at homepage and get instructions',I=>{__cov_VUmfGSuyYXJqk$wrzTuDRg.s['3']++;I.amOnPage('http://localhost:3000/');__cov_VUmfGSuyYXJqk$wrzTuDRg.s['4']++;I.see('You must login to use the system');});__cov_VUmfGSuyYXJqk$wrzTuDRg.s['5']++;Scenario('Forgot password feature',I=>{__cov_VUmfGSuyYXJqk$wrzTuDRg.s['6']++;I.amOnPage('http://localhost:3000/');__cov_VUmfGSuyYXJqk$wrzTuDRg.s['7']++;I.see('You must login to use the system');__cov_VUmfGSuyYXJqk$wrzTuDRg.s['8']++;I.click('Sign in');__cov_VUmfGSuyYXJqk$wrzTuDRg.s['9']++;I.click('Forgot password');__cov_VUmfGSuyYXJqk$wrzTuDRg.s['10']++;I.see('Reset password');});__cov_VUmfGSuyYXJqk$wrzTuDRg.s['11']++;Scenario('Forgot password feature-incorrect email id entered',I=>{__cov_VUmfGSuyYXJqk$wrzTuDRg.s['12']++;I.amOnPage('http://localhost:3000/');__cov_VUmfGSuyYXJqk$wrzTuDRg.s['13']++;I.see


This is run and then sent to display a nice coverage report  - please see submitted document for screenshot

TN:
SF:/home/stan/Documents/ASE/tradeWizard/testing/login_test.js
FNF:0
FNH:0
DA:2,1
DA:4,0
DA:5,0
DA:6,0
DA:10,0
DA:11,0
DA:12,0
DA:13,0
DA:14,0
DA:15,0
DA:18,0
DA:19,0
DA:20,0
DA:21,0
DA:22,0
DA:23,0
DA:24,0
DA:25,0
DA:26,0
DA:30,0
DA:31,0
DA:32,0
DA:33,0
DA:34,0
DA:35,0
DA:36,0
DA:37,0
DA:38,0
DA:39,0
DA:42,0
DA:43,0
DA:44,0
DA:45,0
DA:46,0
DA:47,0
DA:48,0
DA:49,0
DA:50,0
DA:51,0
DA:56,0
DA:57,0
DA:58,0
DA:59,0
DA:60,0
DA:61,0
DA:62,0
DA:63,0
DA:64,0
DA:68,0
DA:69,0
DA:71,0
DA:73,0
DA:75,0
DA:77,0
DA:79,0
DA:80,0
DA:81,0
DA:82,0
DA:86,0
DA:87,0
DA:88,0
DA:89,0
DA:90,0
DA:91,0
DA:92,0
DA:93,0
DA:94,0
DA:95,0
DA:96,0
DA:97,0
DA:101,0
DA:102,0
DA:103,0
DA:104,0
DA:105,0
DA:106,0
DA:107,0
DA:108,0
DA:109,0
DA:110,0
DA:111,0
DA:112,0
LF:82
LH:1
BRF:0
BRH:0
end_of_record

