{"/home/stan/Documents/ASE/tradeWizard/testing/login_test.js":{"path":"/home/stan/Documents/ASE/tradeWizard/testing/login_test.js","s":{"1":1,"2":0,"3":0,"4":0,"5":0,"6":0,"7":0,"8":0,"9":0,"10":0,"11":0,"12":0,"13":0,"14":0,"15":0,"16":0,"17":0,"18":0,"19":0,"20":0,"21":0,"22":0,"23":0,"24":0,"25":0,"26":0,"27":0,"28":0,"29":0,"30":0,"31":0,"32":0,"33":0,"34":0,"35":0,"36":0,"37":0,"38":0,"39":0,"40":0,"41":0,"42":0,"43":0,"44":0,"45":0,"46":0,"47":0,"48":0,"49":0,"50":0,"51":0,"52":0,"53":0,"54":0,"55":0,"56":0,"57":0,"58":0,"59":0,"60":0,"61":0,"62":0,"63":0,"64":0,"65":0,"66":0,"67":0,"68":0,"69":0,"70":0,"71":0,"72":0,"73":0,"74":0,"75":0,"76":0,"77":0,"78":0,"79":0,"80":0,"81":0,"82":0},"b":{},"f":{},"fnMap":{},"statementMap":{"1":{"start":{"line":2,"column":0},"end":{"line":2,"column":27}},"2":{"start":{"line":4,"column":0},"end":{"line":7,"column":3}},"3":{"start":{"line":5,"column":4},"end":{"line":5,"column":41}},"4":{"start":{"line":6,"column":4},"end":{"line":6,"column":46}},"5":{"start":{"line":10,"column":0},"end":{"line":16,"column":3}},"6":{"start":{"line":11,"column":4},"end":{"line":11,"column":41}},"7":{"start":{"line":12,"column":0},"end":{"line":12,"column":42}},"8":{"start":{"line":13,"column":0},"end":{"line":13,"column":19}},"9":{"start":{"line":14,"column":0},"end":{"line":14,"column":27}},"10":{"start":{"line":15,"column":0},"end":{"line":15,"column":24}},"11":{"start":{"line":18,"column":0},"end":{"line":27,"column":3}},"12":{"start":{"line":19,"column":4},"end":{"line":19,"column":41}},"13":{"start":{"line":20,"column":0},"end":{"line":20,"column":42}},"14":{"start":{"line":21,"column":0},"end":{"line":21,"column":19}},"15":{"start":{"line":22,"column":0},"end":{"line":22,"column":27}},"16":{"start":{"line":23,"column":0},"end":{"line":23,"column":24}},"17":{"start":{"line":24,"column":0},"end":{"line":24,"column":38}},"18":{"start":{"line":25,"column":0},"end":{"line":25,"column":26}},"19":{"start":{"line":26,"column":0},"end":{"line":26,"column":42}},"20":{"start":{"line":30,"column":0},"end":{"line":40,"column":3}},"21":{"start":{"line":31,"column":4},"end":{"line":31,"column":41}},"22":{"start":{"line":32,"column":0},"end":{"line":32,"column":42}},"23":{"start":{"line":33,"column":0},"end":{"line":33,"column":19}},"24":{"start":{"line":34,"column":0},"end":{"line":34,"column":15}},"25":{"start":{"line":35,"column":0},"end":{"line":35,"column":18}},"26":{"start":{"line":36,"column":0},"end":{"line":36,"column":37}},"27":{"start":{"line":37,"column":0},"end":{"line":37,"column":34}},"28":{"start":{"line":38,"column":0},"end":{"line":38,"column":26}},"29":{"start":{"line":39,"column":0},"end":{"line":39,"column":42}},"30":{"start":{"line":42,"column":0},"end":{"line":52,"column":3}},"31":{"start":{"line":43,"column":4},"end":{"line":43,"column":41}},"32":{"start":{"line":44,"column":0},"end":{"line":44,"column":19}},"33":{"start":{"line":45,"column":0},"end":{"line":45,"column":15}},"34":{"start":{"line":46,"column":0},"end":{"line":46,"column":18}},"35":{"start":{"line":47,"column":0},"end":{"line":47,"column":44}},"36":{"start":{"line":48,"column":0},"end":{"line":48,"column":35}},"37":{"start":{"line":49,"column":0},"end":{"line":49,"column":35}},"38":{"start":{"line":50,"column":0},"end":{"line":50,"column":42}},"39":{"start":{"line":51,"column":0},"end":{"line":51,"column":17}},"40":{"start":{"line":56,"column":0},"end":{"line":66,"column":3}},"41":{"start":{"line":57,"column":4},"end":{"line":57,"column":41}},"42":{"start":{"line":58,"column":4},"end":{"line":58,"column":23}},"43":{"start":{"line":59,"column":4},"end":{"line":59,"column":19}},"44":{"start":{"line":60,"column":4},"end":{"line":60,"column":22}},"45":{"start":{"line":61,"column":4},"end":{"line":61,"column":41}},"46":{"start":{"line":62,"column":4},"end":{"line":62,"column":38}},"47":{"start":{"line":63,"column":4},"end":{"line":63,"column":39}},"48":{"start":{"line":64,"column":4},"end":{"line":64,"column":32}},"49":{"start":{"line":68,"column":0},"end":{"line":83,"column":3}},"50":{"start":{"line":69,"column":4},"end":{"line":69,"column":23}},"51":{"start":{"line":71,"column":0},"end":{"line":71,"column":15}},"52":{"start":{"line":73,"column":0},"end":{"line":73,"column":18}},"53":{"start":{"line":75,"column":0},"end":{"line":75,"column":37}},"54":{"start":{"line":77,"column":0},"end":{"line":77,"column":34}},"55":{"start":{"line":79,"column":0},"end":{"line":79,"column":35}},"56":{"start":{"line":80,"column":0},"end":{"line":80,"column":28}},"57":{"start":{"line":81,"column":0},"end":{"line":81,"column":23}},"58":{"start":{"line":82,"column":0},"end":{"line":82,"column":75}},"59":{"start":{"line":86,"column":0},"end":{"line":98,"column":3}},"60":{"start":{"line":87,"column":4},"end":{"line":87,"column":41}},"61":{"start":{"line":88,"column":0},"end":{"line":88,"column":42}},"62":{"start":{"line":89,"column":0},"end":{"line":89,"column":17}},"63":{"start":{"line":90,"column":0},"end":{"line":90,"column":19}},"64":{"start":{"line":91,"column":0},"end":{"line":91,"column":15}},"65":{"start":{"line":92,"column":0},"end":{"line":92,"column":18}},"66":{"start":{"line":93,"column":0},"end":{"line":93,"column":26}},"67":{"start":{"line":94,"column":0},"end":{"line":94,"column":43}},"68":{"start":{"line":95,"column":0},"end":{"line":95,"column":35}},"69":{"start":{"line":96,"column":0},"end":{"line":96,"column":35}},"70":{"start":{"line":97,"column":0},"end":{"line":97,"column":28}},"71":{"start":{"line":101,"column":0},"end":{"line":113,"column":3}},"72":{"start":{"line":102,"column":4},"end":{"line":102,"column":41}},"73":{"start":{"line":103,"column":0},"end":{"line":103,"column":42}},"74":{"start":{"line":104,"column":0},"end":{"line":104,"column":17}},"75":{"start":{"line":105,"column":0},"end":{"line":105,"column":19}},"76":{"start":{"line":106,"column":0},"end":{"line":106,"column":15}},"77":{"start":{"line":107,"column":0},"end":{"line":107,"column":18}},"78":{"start":{"line":108,"column":0},"end":{"line":108,"column":26}},"79":{"start":{"line":109,"column":0},"end":{"line":109,"column":37}},"80":{"start":{"line":110,"column":0},"end":{"line":110,"column":34}},"81":{"start":{"line":111,"column":0},"end":{"line":111,"column":26}},"82":{"start":{"line":112,"column":0},"end":{"line":112,"column":42}}},"branchMap":{}}}